<?xml version="1.0" encoding="UTF-8"?>
<testsuite xmlns:xsi="http://www.w3.org/2001/XMLSchema-instance" xsi:noNamespaceSchemaLocation="https://maven.apache.org/surefire/maven-surefire-plugin/xsd/surefire-test-report.xsd" name="com.mycompany.app.AppTest" time="0.075" tests="1" errors="0" skipped="0" failures="0">
  <properties>
    <property name="java.specification.version" value="17"/>
    <property name="sun.cpu.isalist" value="amd64"/>
    <property name="sun.jnu.encoding" value="Cp1252"/>
    <property name="java.class.path" value="C:\Users\bartc\Documents\Github\Azure-Vault\my-app\target\test-classes;C:\Users\bartc\Documents\Github\Azure-Vault\my-app\target\classes;C:\Users\bartc\.m2\repository\junit\junit\4.11\junit-4.11.jar;C:\Users\bartc\.m2\repository\org\hamcrest\hamcrest-core\1.3\hamcrest-core-1.3.jar;C:\Users\bartc\.m2\repository\com\azure\azure-core\1.21.0\azure-core-1.21.0.jar;C:\Users\bartc\.m2\repository\com\fasterxml\jackson\core\jackson-annotations\2.12.5\jackson-annotations-2.12.5.jar;C:\Users\bartc\.m2\repository\com\fasterxml\jackson\core\jackson-core\2.12.5\jackson-core-2.12.5.jar;C:\Users\bartc\.m2\repository\com\fasterxml\jackson\datatype\jackson-datatype-jsr310\2.12.5\jackson-datatype-jsr310-2.12.5.jar;C:\Users\bartc\.m2\repository\com\fasterxml\jackson\dataformat\jackson-dataformat-xml\2.12.5\jackson-dataformat-xml-2.12.5.jar;C:\Users\bartc\.m2\repository\com\fasterxml\jackson\module\jackson-module-jaxb-annotations\2.12.5\jackson-module-jaxb-annotations-2.12.5.jar;C:\Users\bartc\.m2\repository\jakarta\xml\bind\jakarta.xml.bind-api\2.3.2\jakarta.xml.bind-api-2.3.2.jar;C:\Users\bartc\.m2\repository\jakarta\activation\jakarta.activation-api\1.2.1\jakarta.activation-api-1.2.1.jar;C:\Users\bartc\.m2\repository\org\codehaus\woodstox\stax2-api\4.2.1\stax2-api-4.2.1.jar;C:\Users\bartc\.m2\repository\com\fasterxml\woodstox\woodstox-core\6.2.4\woodstox-core-6.2.4.jar;C:\Users\bartc\.m2\repository\io\projectreactor\reactor-core\3.4.10\reactor-core-3.4.10.jar;C:\Users\bartc\.m2\repository\org\reactivestreams\reactive-streams\1.0.3\reactive-streams-1.0.3.jar;C:\Users\bartc\.m2\repository\io\netty\netty-tcnative-boringssl-static\2.0.43.Final\netty-tcnative-boringssl-static-2.0.43.Final.jar;C:\Users\bartc\.m2\repository\com\azure\azure-storage-blob\12.14.1\azure-storage-blob-12.14.1.jar;C:\Users\bartc\.m2\repository\com\azure\azure-core-http-netty\1.11.1\azure-core-http-netty-1.11.1.jar;C:\Users\bartc\.m2\repository\io\netty\netty-handler\4.1.68.Final\netty-handler-4.1.68.Final.jar;C:\Users\bartc\.m2\repository\io\netty\netty-common\4.1.68.Final\netty-common-4.1.68.Final.jar;C:\Users\bartc\.m2\repository\io\netty\netty-resolver\4.1.68.Final\netty-resolver-4.1.68.Final.jar;C:\Users\bartc\.m2\repository\io\netty\netty-transport\4.1.68.Final\netty-transport-4.1.68.Final.jar;C:\Users\bartc\.m2\repository\io\netty\netty-codec\4.1.68.Final\netty-codec-4.1.68.Final.jar;C:\Users\bartc\.m2\repository\io\netty\netty-handler-proxy\4.1.68.Final\netty-handler-proxy-4.1.68.Final.jar;C:\Users\bartc\.m2\repository\io\netty\netty-codec-socks\4.1.68.Final\netty-codec-socks-4.1.68.Final.jar;C:\Users\bartc\.m2\repository\io\netty\netty-buffer\4.1.68.Final\netty-buffer-4.1.68.Final.jar;C:\Users\bartc\.m2\repository\io\netty\netty-codec-http\4.1.68.Final\netty-codec-http-4.1.68.Final.jar;C:\Users\bartc\.m2\repository\io\netty\netty-codec-http2\4.1.68.Final\netty-codec-http2-4.1.68.Final.jar;C:\Users\bartc\.m2\repository\io\netty\netty-transport-native-unix-common\4.1.68.Final\netty-transport-native-unix-common-4.1.68.Final.jar;C:\Users\bartc\.m2\repository\io\netty\netty-transport-native-epoll\4.1.68.Final\netty-transport-native-epoll-4.1.68.Final-linux-x86_64.jar;C:\Users\bartc\.m2\repository\io\netty\netty-transport-native-kqueue\4.1.68.Final\netty-transport-native-kqueue-4.1.68.Final-osx-x86_64.jar;C:\Users\bartc\.m2\repository\com\azure\azure-storage-common\12.14.0\azure-storage-common-12.14.0.jar;C:\Users\bartc\.m2\repository\com\azure\azure-storage-internal-avro\12.1.1\azure-storage-internal-avro-12.1.1.jar;C:\Users\bartc\.m2\repository\com\azure\azure-security-keyvault-secrets\4.2.5\azure-security-keyvault-secrets-4.2.5.jar;C:\Users\bartc\.m2\repository\com\azure\azure-identity\1.3.7\azure-identity-1.3.7.jar;C:\Users\bartc\.m2\repository\com\microsoft\azure\msal4j\1.11.0\msal4j-1.11.0.jar;C:\Users\bartc\.m2\repository\com\nimbusds\oauth2-oidc-sdk\9.7\oauth2-oidc-sdk-9.7.jar;C:\Users\bartc\.m2\repository\com\github\stephenc\jcip\jcip-annotations\1.0-1\jcip-annotations-1.0-1.jar;C:\Users\bartc\.m2\repository\com\nimbusds\content-type\2.1\content-type-2.1.jar;C:\Users\bartc\.m2\repository\com\nimbusds\lang-tag\1.5\lang-tag-1.5.jar;C:\Users\bartc\.m2\repository\com\nimbusds\nimbus-jose-jwt\9.9.3\nimbus-jose-jwt-9.9.3.jar;C:\Users\bartc\.m2\repository\com\microsoft\azure\msal4j-persistence-extension\1.1.0\msal4j-persistence-extension-1.1.0.jar;C:\Users\bartc\.m2\repository\net\java\dev\jna\jna\5.5.0\jna-5.5.0.jar;C:\Users\bartc\.m2\repository\net\java\dev\jna\jna-platform\5.6.0\jna-platform-5.6.0.jar;C:\Users\bartc\.m2\repository\net\minidev\json-smart\2.4.7\json-smart-2.4.7.jar;C:\Users\bartc\.m2\repository\net\minidev\accessors-smart\2.4.7\accessors-smart-2.4.7.jar;C:\Users\bartc\.m2\repository\org\ow2\asm\asm\9.1\asm-9.1.jar;C:\Users\bartc\.m2\repository\com\fasterxml\jackson\core\jackson-databind\2.12.5\jackson-databind-2.12.5.jar;C:\Users\bartc\.m2\repository\io\projectreactor\netty\reactor-netty\1.0.11\reactor-netty-1.0.11.jar;C:\Users\bartc\.m2\repository\io\projectreactor\netty\reactor-netty-core\1.0.11\reactor-netty-core-1.0.11.jar;C:\Users\bartc\.m2\repository\io\netty\netty-resolver-dns\4.1.68.Final\netty-resolver-dns-4.1.68.Final.jar;C:\Users\bartc\.m2\repository\io\netty\netty-codec-dns\4.1.68.Final\netty-codec-dns-4.1.68.Final.jar;C:\Users\bartc\.m2\repository\io\netty\netty-resolver-dns-native-macos\4.1.68.Final\netty-resolver-dns-native-macos-4.1.68.Final-osx-x86_64.jar;C:\Users\bartc\.m2\repository\io\projectreactor\netty\reactor-netty-http\1.0.11\reactor-netty-http-1.0.11.jar;C:\Users\bartc\.m2\repository\io\projectreactor\netty\reactor-netty-http-brave\1.0.11\reactor-netty-http-brave-1.0.11.jar;C:\Users\bartc\.m2\repository\io\zipkin\brave\brave-instrumentation-http\5.13.3\brave-instrumentation-http-5.13.3.jar;C:\Users\bartc\.m2\repository\io\zipkin\brave\brave\5.13.3\brave-5.13.3.jar;C:\Users\bartc\.m2\repository\io\zipkin\reporter2\zipkin-reporter-brave\2.16.3\zipkin-reporter-brave-2.16.3.jar;C:\Users\bartc\.m2\repository\io\zipkin\reporter2\zipkin-reporter\2.16.3\zipkin-reporter-2.16.3.jar;C:\Users\bartc\.m2\repository\io\zipkin\zipkin2\zipkin\2.23.2\zipkin-2.23.2.jar;C:\Users\bartc\.m2\repository\org\slf4j\slf4j-api\1.7.32\slf4j-api-1.7.32.jar;"/>
    <property name="java.vm.vendor" value="Red Hat, Inc."/>
    <property name="sun.arch.data.model" value="64"/>
    <property name="user.variant" value=""/>
    <property name="java.vendor.url" value="https://access.redhat.com/"/>
    <property name="user.timezone" value="America/New_York"/>
    <property name="os.name" value="Windows 10"/>
    <property name="java.vm.specification.version" value="17"/>
    <property name="sun.java.launcher" value="SUN_STANDARD"/>
    <property name="user.country" value="US"/>
    <property name="sun.boot.library.path" value="C:\Program Files\RedHat\java-17-openjdk-17.0.1.0.12-1\bin"/>
    <property name="sun.java.command" value="C:\Users\bartc\AppData\Local\Temp\surefire18334532487970251359\surefirebooter18313888930018126112.jar C:\Users\bartc\AppData\Local\Temp\surefire18334532487970251359 2021-12-21T13-30-04_897-jvmRun1 surefire5087372258686431739tmp surefire_016762779662905602672tmp"/>
    <property name="jdk.debug" value="release"/>
    <property name="surefire.test.class.path" value="C:\Users\bartc\Documents\Github\Azure-Vault\my-app\target\test-classes;C:\Users\bartc\Documents\Github\Azure-Vault\my-app\target\classes;C:\Users\bartc\.m2\repository\junit\junit\4.11\junit-4.11.jar;C:\Users\bartc\.m2\repository\org\hamcrest\hamcrest-core\1.3\hamcrest-core-1.3.jar;C:\Users\bartc\.m2\repository\com\azure\azure-core\1.21.0\azure-core-1.21.0.jar;C:\Users\bartc\.m2\repository\com\fasterxml\jackson\core\jackson-annotations\2.12.5\jackson-annotations-2.12.5.jar;C:\Users\bartc\.m2\repository\com\fasterxml\jackson\core\jackson-core\2.12.5\jackson-core-2.12.5.jar;C:\Users\bartc\.m2\repository\com\fasterxml\jackson\datatype\jackson-datatype-jsr310\2.12.5\jackson-datatype-jsr310-2.12.5.jar;C:\Users\bartc\.m2\repository\com\fasterxml\jackson\dataformat\jackson-dataformat-xml\2.12.5\jackson-dataformat-xml-2.12.5.jar;C:\Users\bartc\.m2\repository\com\fasterxml\jackson\module\jackson-module-jaxb-annotations\2.12.5\jackson-module-jaxb-annotations-2.12.5.jar;C:\Users\bartc\.m2\repository\jakarta\xml\bind\jakarta.xml.bind-api\2.3.2\jakarta.xml.bind-api-2.3.2.jar;C:\Users\bartc\.m2\repository\jakarta\activation\jakarta.activation-api\1.2.1\jakarta.activation-api-1.2.1.jar;C:\Users\bartc\.m2\repository\org\codehaus\woodstox\stax2-api\4.2.1\stax2-api-4.2.1.jar;C:\Users\bartc\.m2\repository\com\fasterxml\woodstox\woodstox-core\6.2.4\woodstox-core-6.2.4.jar;C:\Users\bartc\.m2\repository\io\projectreactor\reactor-core\3.4.10\reactor-core-3.4.10.jar;C:\Users\bartc\.m2\repository\org\reactivestreams\reactive-streams\1.0.3\reactive-streams-1.0.3.jar;C:\Users\bartc\.m2\repository\io\netty\netty-tcnative-boringssl-static\2.0.43.Final\netty-tcnative-boringssl-static-2.0.43.Final.jar;C:\Users\bartc\.m2\repository\com\azure\azure-storage-blob\12.14.1\azure-storage-blob-12.14.1.jar;C:\Users\bartc\.m2\repository\com\azure\azure-core-http-netty\1.11.1\azure-core-http-netty-1.11.1.jar;C:\Users\bartc\.m2\repository\io\netty\netty-handler\4.1.68.Final\netty-handler-4.1.68.Final.jar;C:\Users\bartc\.m2\repository\io\netty\netty-common\4.1.68.Final\netty-common-4.1.68.Final.jar;C:\Users\bartc\.m2\repository\io\netty\netty-resolver\4.1.68.Final\netty-resolver-4.1.68.Final.jar;C:\Users\bartc\.m2\repository\io\netty\netty-transport\4.1.68.Final\netty-transport-4.1.68.Final.jar;C:\Users\bartc\.m2\repository\io\netty\netty-codec\4.1.68.Final\netty-codec-4.1.68.Final.jar;C:\Users\bartc\.m2\repository\io\netty\netty-handler-proxy\4.1.68.Final\netty-handler-proxy-4.1.68.Final.jar;C:\Users\bartc\.m2\repository\io\netty\netty-codec-socks\4.1.68.Final\netty-codec-socks-4.1.68.Final.jar;C:\Users\bartc\.m2\repository\io\netty\netty-buffer\4.1.68.Final\netty-buffer-4.1.68.Final.jar;C:\Users\bartc\.m2\repository\io\netty\netty-codec-http\4.1.68.Final\netty-codec-http-4.1.68.Final.jar;C:\Users\bartc\.m2\repository\io\netty\netty-codec-http2\4.1.68.Final\netty-codec-http2-4.1.68.Final.jar;C:\Users\bartc\.m2\repository\io\netty\netty-transport-native-unix-common\4.1.68.Final\netty-transport-native-unix-common-4.1.68.Final.jar;C:\Users\bartc\.m2\repository\io\netty\netty-transport-native-epoll\4.1.68.Final\netty-transport-native-epoll-4.1.68.Final-linux-x86_64.jar;C:\Users\bartc\.m2\repository\io\netty\netty-transport-native-kqueue\4.1.68.Final\netty-transport-native-kqueue-4.1.68.Final-osx-x86_64.jar;C:\Users\bartc\.m2\repository\com\azure\azure-storage-common\12.14.0\azure-storage-common-12.14.0.jar;C:\Users\bartc\.m2\repository\com\azure\azure-storage-internal-avro\12.1.1\azure-storage-internal-avro-12.1.1.jar;C:\Users\bartc\.m2\repository\com\azure\azure-security-keyvault-secrets\4.2.5\azure-security-keyvault-secrets-4.2.5.jar;C:\Users\bartc\.m2\repository\com\azure\azure-identity\1.3.7\azure-identity-1.3.7.jar;C:\Users\bartc\.m2\repository\com\microsoft\azure\msal4j\1.11.0\msal4j-1.11.0.jar;C:\Users\bartc\.m2\repository\com\nimbusds\oauth2-oidc-sdk\9.7\oauth2-oidc-sdk-9.7.jar;C:\Users\bartc\.m2\repository\com\github\stephenc\jcip\jcip-annotations\1.0-1\jcip-annotations-1.0-1.jar;C:\Users\bartc\.m2\repository\com\nimbusds\content-type\2.1\content-type-2.1.jar;C:\Users\bartc\.m2\repository\com\nimbusds\lang-tag\1.5\lang-tag-1.5.jar;C:\Users\bartc\.m2\repository\com\nimbusds\nimbus-jose-jwt\9.9.3\nimbus-jose-jwt-9.9.3.jar;C:\Users\bartc\.m2\repository\com\microsoft\azure\msal4j-persistence-extension\1.1.0\msal4j-persistence-extension-1.1.0.jar;C:\Users\bartc\.m2\repository\net\java\dev\jna\jna\5.5.0\jna-5.5.0.jar;C:\Users\bartc\.m2\repository\net\java\dev\jna\jna-platform\5.6.0\jna-platform-5.6.0.jar;C:\Users\bartc\.m2\repository\net\minidev\json-smart\2.4.7\json-smart-2.4.7.jar;C:\Users\bartc\.m2\repository\net\minidev\accessors-smart\2.4.7\accessors-smart-2.4.7.jar;C:\Users\bartc\.m2\repository\org\ow2\asm\asm\9.1\asm-9.1.jar;C:\Users\bartc\.m2\repository\com\fasterxml\jackson\core\jackson-databind\2.12.5\jackson-databind-2.12.5.jar;C:\Users\bartc\.m2\repository\io\projectreactor\netty\reactor-netty\1.0.11\reactor-netty-1.0.11.jar;C:\Users\bartc\.m2\repository\io\projectreactor\netty\reactor-netty-core\1.0.11\reactor-netty-core-1.0.11.jar;C:\Users\bartc\.m2\repository\io\netty\netty-resolver-dns\4.1.68.Final\netty-resolver-dns-4.1.68.Final.jar;C:\Users\bartc\.m2\repository\io\netty\netty-codec-dns\4.1.68.Final\netty-codec-dns-4.1.68.Final.jar;C:\Users\bartc\.m2\repository\io\netty\netty-resolver-dns-native-macos\4.1.68.Final\netty-resolver-dns-native-macos-4.1.68.Final-osx-x86_64.jar;C:\Users\bartc\.m2\repository\io\projectreactor\netty\reactor-netty-http\1.0.11\reactor-netty-http-1.0.11.jar;C:\Users\bartc\.m2\repository\io\projectreactor\netty\reactor-netty-http-brave\1.0.11\reactor-netty-http-brave-1.0.11.jar;C:\Users\bartc\.m2\repository\io\zipkin\brave\brave-instrumentation-http\5.13.3\brave-instrumentation-http-5.13.3.jar;C:\Users\bartc\.m2\repository\io\zipkin\brave\brave\5.13.3\brave-5.13.3.jar;C:\Users\bartc\.m2\repository\io\zipkin\reporter2\zipkin-reporter-brave\2.16.3\zipkin-reporter-brave-2.16.3.jar;C:\Users\bartc\.m2\repository\io\zipkin\reporter2\zipkin-reporter\2.16.3\zipkin-reporter-2.16.3.jar;C:\Users\bartc\.m2\repository\io\zipkin\zipkin2\zipkin\2.23.2\zipkin-2.23.2.jar;C:\Users\bartc\.m2\repository\org\slf4j\slf4j-api\1.7.32\slf4j-api-1.7.32.jar;"/>
    <property name="sun.cpu.endian" value="little"/>
    <property name="user.home" value="C:\Users\bartc"/>
    <property name="user.language" value="en"/>
    <property name="java.specification.vendor" value="Oracle Corporation"/>
    <property name="java.version.date" value="2021-10-19"/>
    <property name="java.home" value="C:\Program Files\RedHat\java-17-openjdk-17.0.1.0.12-1"/>
    <property name="file.separator" value="\"/>
    <property name="basedir" value="C:\Users\bartc\Documents\Github\Azure-Vault\my-app"/>
    <property name="java.vm.compressedOopsMode" value="Zero based"/>
    <property name="line.separator" value="&#10;"/>
    <property name="java.vm.specification.vendor" value="Oracle Corporation"/>
    <property name="java.specification.name" value="Java Platform API Specification"/>
    <property name="surefire.real.class.path" value="C:\Users\bartc\AppData\Local\Temp\surefire18334532487970251359\surefirebooter18313888930018126112.jar"/>
    <property name="user.script" value=""/>
    <property name="sun.management.compiler" value="HotSpot 64-Bit Tiered Compilers"/>
    <property name="java.runtime.version" value="17.0.1+12-LTS"/>
    <property name="user.name" value="bartc"/>
    <property name="path.separator" value=";"/>
    <property name="os.version" value="10.0"/>
    <property name="java.runtime.name" value="OpenJDK Runtime Environment"/>
    <property name="file.encoding" value="Cp1252"/>
    <property name="java.vm.name" value="OpenJDK 64-Bit Server VM"/>
    <property name="java.vendor.version" value="21.9"/>
    <property name="localRepository" value="C:\Users\bartc\.m2\repository"/>
    <property name="java.vendor.url.bug" value="https://bugzilla.redhat.com/enter_bug.cgi"/>
    <property name="java.io.tmpdir" value="C:\Users\bartc\AppData\Local\Temp\"/>
    <property name="java.version" value="17.0.1"/>
    <property name="user.dir" value="C:\Users\bartc\Documents\Github\Azure-Vault\my-app"/>
    <property name="os.arch" value="amd64"/>
    <property name="java.vm.specification.name" value="Java Virtual Machine Specification"/>
    <property name="sun.os.patch.level" value=""/>
    <property name="native.encoding" value="Cp1252"/>
    <property name="java.library.path" value="C:\Program Files\RedHat\java-17-openjdk-17.0.1.0.12-1\bin;C:\WINDOWS\Sun\Java\bin;C:\WINDOWS\system32;C:\WINDOWS;C:\Users\bartc\cmder\vendor\conemu-maximus5\ConEmu\Scripts;C:\Users\bartc\cmder\vendor\conemu-maximus5;C:\Users\bartc\cmder\vendor\conemu-maximus5\ConEmu;C:\windows\system32;C:\windows;C:\windows\System32\Wbem;C:\windows\System32\WindowsPowerShell\v1.0\;C:\windows\System32\OpenSSH\;C:\Program Files\nodejs\;C:\ProgramData\chocolatey\bin;C:\Program Files\Zulu\zulu-13\bin\;C:\Program Files\Amazon\AWSCLIV2\;C:\Program Files (x86)\Yarn\bin\;C:\Program Files\PuTTY\;C:\WINDOWS\system32;C:\WINDOWS;C:\WINDOWS\System32\Wbem;C:\WINDOWS\System32\WindowsPowerShell\v1.0\;C:\WINDOWS\System32\OpenSSH\;C:\Users\bartc\.poetry\bin;C:\Program Files\Graphviz\bin;C:\WINDOWS\system32;C:\WINDOWS;C:\WINDOWS\System32\Wbem;C:\WINDOWS\System32\WindowsPowerShell\v1.0\;C:\WINDOWS\System32\OpenSSH\;C:\Program Files\RedHat\java-17-openjdk-17.0.1.0.12-1\bin;C:\Program Files\apache-maven-3.8.4\bin;C:\Users\bartc\.poetry\bin;C:\Users\bartc\AppData\Local\Programs\Python\Python38-32\Scripts\;C:\Users\bartc\AppData\Local\Programs\Python\Python38-32\;C:\Users\bartc\AppData\Roaming\daml\bin;C:\Users\bartc\AppData\Local\Microsoft\WindowsApps;C:\Users\bartc\AppData\Local\GitHubDesktop\bin;C:\Users\bartc\AppData\Local\atom\bin;C:\Users\bartc\AppData\Roaming\npm;C:\Users\bartc\AppData\Local\Programs\Microsoft VS Code\bin;C:\Users\bartc\AppData\Local\Yarn\bin;C:\Program Files (x86)\GnuWin32\bin;C:\Users\bartc\AppData\Local\Microsoft\WindowsApps;C:\Program Files\ISC BIND 9\bin;C:\Users\bartc\cmder\vendor\git-for-windows\cmd;C:\Users\bartc\cmder\vendor\git-for-windows\mingw64\bin;C:\Users\bartc\cmder\vendor\git-for-windows\usr\bin;C:\Users\bartc\cmder\vendor\bin;C:\Users\bartc\cmder\bin;C:\Users\bartc\cmder;."/>
    <property name="java.vm.info" value="mixed mode, sharing"/>
    <property name="java.vendor" value="Red Hat, Inc."/>
    <property name="java.vm.version" value="17.0.1+12-LTS"/>
    <property name="sun.io.unicode.encoding" value="UnicodeLittle"/>
    <property name="java.class.version" value="61.0"/>
  </properties>
  <testcase name="shouldAnswerWithTrue" classname="com.mycompany.app.AppTest" time="0.003"/>
</testsuite>